#
# There is insufficient memory for the Java Runtime Environment to continue.
# Native memory allocation (malloc) failed to allocate 1048576 bytes for AllocateHeap
# Possible reasons:
#   The system is out of physical RAM or swap space
#   The process is running with CompressedOops enabled, and the Java Heap may be blocking the growth of the native heap
# Possible solutions:
#   Reduce memory load on the system
#   Increase physical memory or swap space
#   Check if swap backing store is full
#   Decrease Java heap size (-Xmx/-Xms)
#   Decrease number of Java threads
#   Decrease Java thread stack sizes (-Xss)
#   Set larger code cache with -XX:ReservedCodeCacheSize=
# This output file may be truncated or incomplete.
#
#  Out of Memory Error (src/hotspot/share/memory/allocation.cpp:46), pid=672, tid=8940
#
# JRE version:  (11.0.15) (build )
# Java VM: OpenJDK 64-Bit Server VM (11.0.15+0-b2043.56-9505619, mixed mode, sharing, tiered, compressed oops, g1 gc, windows-amd64)
# No core dump will be written. Minidumps are not enabled by default on client versions of Windows
#

---------------  S U M M A R Y ------------

Command Line: org.jetbrains.kotlin.cli.jvm.K2JVMCompiler @D:\Erni\StoryApp-SubmissionAwal-main\app\build\20230508_1327383051230318231.compiler.options

Host: AMD A8-7410 APU with AMD Radeon R5 Graphics    , 4 cores, 10G,  Windows 10 , 64 bit Build 19041 (10.0.19041.1202)
Time: Mon May  8 00:55:49 2023 Mountain Daylight Time elapsed time: 1.016496 seconds (0d 0h 0m 1s)

---------------  T H R E A D  ---------------

Current thread (0x0000026cd62cd800):  JavaThread "Unknown thread" [_thread_in_vm, id=8940, stack(0x0000007eecf00000,0x0000007eed000000)]

Stack: [0x0000007eecf00000,0x0000007eed000000]
Native frames: (J=compiled Java code, j=interpreted, Vv=VM code, C=native code)
V  [jvm.dll+0x64135a]
V  [jvm.dll+0x7d39f9]
V  [jvm.dll+0x7d51b9]
V  [jvm.dll+0x7d58a3]
V  [jvm.dll+0x2691c5]
V  [jvm.dll+0xb8874]
V  [jvm.dll+0x305f59]
V  [jvm.dll+0x2ffaed]
V  [jvm.dll+0x7accd7]
V  [jvm.dll+0x7ae49f]
V  [jvm.dll+0x37d299]
V  [jvm.dll+0x78ef9f]
V  [jvm.dll+0x3ec847]
V  [jvm.dll+0x3eed31]
C  [jli.dll+0x52cb]
C  [ucrtbase.dll+0x21bb2]
C  [KERNEL32.DLL+0x17034]
C  [ntdll.dll+0x52651]


---------------  P R O C E S S  ---------------

Threads class SMR info:
_java_thread_list=0x0000026cd60b0e30, length=0, elements={
}

Java Threads: ( => current thread )

Other Threads:
  0x0000026cd62e6800 GCTaskThread "GC Thread#0" [stack: 0x0000007eed000000,0x0000007eed100000] [id=1820]

[error occurred during error reporting (printing all threads), id 0xc0000005, EXCEPTION_ACCESS_VIOLATION (0xc0000005) at pc=0x00007fff34fbbf70]

VM state:not at safepoint (not fully initialized)

VM Mutex/Monitor currently owned by a thread:  ([mutex/lock_event])
[0x0000026cd62ca190] Heap_lock - owner thread: 0x0000026cd62cd800

Heap address: 0x0000000751200000, size: 2798 MB, Compressed Oops mode: Non-zero based: 0x0000000751200000
Narrow klass base: 0x0000000000000000, Narrow klass shift: 0

GC Heap History (0 events):
No events

Deoptimization events (0 events):
No events

Classes redefined (0 events):
No events

Internal exceptions (0 events):
No events

Events (1 events):
Event: 0.888 Loaded shared library C:\Program Files\Android\Android Studio\jbr\bin\zip.dll


Dynamic libraries:
0x00007ff6e53b0000 - 0x00007ff6e53ba000 	C:\Program Files\Android\Android Studio\jbr\bin\java.exe
0x00007fff67b30000 - 0x00007fff67d25000 	C:\Windows\SYSTEM32\ntdll.dll
0x00007fff67680000 - 0x00007fff6773e000 	C:\Windows\System32\KERNEL32.DLL
0x00007fff65250000 - 0x00007fff65519000 	C:\Windows\System32\KERNELBASE.dll
0x00007fff65a80000 - 0x00007fff65b80000 	C:\Windows\System32\ucrtbase.dll
0x00007fff5fc50000 - 0x00007fff5fc67000 	C:\Program Files\Android\Android Studio\jbr\bin\jli.dll
0x00007fff53040000 - 0x00007fff5305b000 	C:\Program Files\Android\Android Studio\jbr\bin\VCRUNTIME140.dll
0x00007fff661a0000 - 0x00007fff66341000 	C:\Windows\System32\USER32.dll
0x00007fff65860000 - 0x00007fff65882000 	C:\Windows\System32\win32u.dll
0x00007fff67ac0000 - 0x00007fff67aeb000 	C:\Windows\System32\GDI32.dll
0x00007fff65720000 - 0x00007fff6582b000 	C:\Windows\System32\gdi32full.dll
0x00007fff65520000 - 0x00007fff655bd000 	C:\Windows\System32\msvcp_win.dll
0x00007fff564f0000 - 0x00007fff5678a000 	C:\Windows\WinSxS\amd64_microsoft.windows.common-controls_6595b64144ccf1df_6.0.19041.1110_none_60b5254171f9507e\COMCTL32.dll
0x00007fff65f00000 - 0x00007fff65f9e000 	C:\Windows\System32\msvcrt.dll
0x00007fff66c50000 - 0x00007fff66c80000 	C:\Windows\System32\IMM32.DLL
0x00007fff604a0000 - 0x00007fff604ac000 	C:\Program Files\Android\Android Studio\jbr\bin\vcruntime140_1.dll
0x00007fff32b30000 - 0x00007fff32bbd000 	C:\Program Files\Android\Android Studio\jbr\bin\msvcp140.dll
0x00007fff34cb0000 - 0x00007fff3586c000 	C:\Program Files\Android\Android Studio\jbr\bin\server\jvm.dll
0x00007fff66fa0000 - 0x00007fff6704c000 	C:\Windows\System32\ADVAPI32.dll
0x00007fff66f00000 - 0x00007fff66f9b000 	C:\Windows\System32\sechost.dll
0x00007fff66dd0000 - 0x00007fff66efa000 	C:\Windows\System32\RPCRT4.dll
0x00007fff65ee0000 - 0x00007fff65ee8000 	C:\Windows\System32\PSAPI.DLL
0x00007fff5aa00000 - 0x00007fff5aa09000 	C:\Windows\SYSTEM32\WSOCK32.dll
0x00007fff65fa0000 - 0x00007fff6600b000 	C:\Windows\System32\WS2_32.dll
0x00007fff5bc90000 - 0x00007fff5bcb7000 	C:\Windows\SYSTEM32\WINMM.dll
0x00007fff639d0000 - 0x00007fff639da000 	C:\Windows\SYSTEM32\VERSION.dll
0x00007fff63b20000 - 0x00007fff63b32000 	C:\Windows\SYSTEM32\kernel.appcore.dll
0x00007fff5a9f0000 - 0x00007fff5aa00000 	C:\Program Files\Android\Android Studio\jbr\bin\verify.dll
0x00007fff512a0000 - 0x00007fff51484000 	C:\Windows\SYSTEM32\DBGHELP.DLL
0x00007fff51230000 - 0x00007fff5125c000 	C:\Windows\SYSTEM32\dbgcore.DLL
0x00007fff65940000 - 0x00007fff659c3000 	C:\Windows\System32\bcryptPrimitives.dll
0x00007fff561c0000 - 0x00007fff561e8000 	C:\Program Files\Android\Android Studio\jbr\bin\java.dll
0x00007fff5a9e0000 - 0x00007fff5a9ea000 	C:\Program Files\Android\Android Studio\jbr\bin\jimage.dll
0x00007fff569a0000 - 0x00007fff569b8000 	C:\Program Files\Android\Android Studio\jbr\bin\zip.dll

dbghelp: loaded successfully - version: 4.0.5 - missing functions: none
symbol engine: initialized successfully - sym options: 0x614 - pdb path: .;C:\Program Files\Android\Android Studio\jbr\bin;C:\Windows\SYSTEM32;C:\Windows\WinSxS\amd64_microsoft.windows.common-controls_6595b64144ccf1df_6.0.19041.1110_none_60b5254171f9507e;C:\Program Files\Android\Android Studio\jbr\bin\server

VM Arguments:
java_command: org.jetbrains.kotlin.cli.jvm.K2JVMCompiler @D:\Erni\StoryApp-SubmissionAwal-main\app\build\20230508_1327383051230318231.compiler.options
java_class_path (initial): C:\Users\ades\.gradle\caches\modules-2\files-2.1\org.jetbrains.kotlin\kotlin-compiler-embeddable\1.8.0\eb9118d4bcceaa2a94b2ae2a33a4ddba7c9a947f\kotlin-compiler-embeddable-1.8.0.jar;C:\Users\ades\.gradle\caches\modules-2\files-2.1\org.jetbrains.kotlin\kotlin-stdlib\1.8.0\1796921c7a3e2e2665a83e6c8d33399336cd39bc\kotlin-stdlib-1.8.0.jar;C:\Users\ades\.gradle\caches\modules-2\files-2.1\org.jetbrains.kotlin\kotlin-script-runtime\1.8.0\b2f7e760d283cb339974851c222a4c1d48f2d3d\kotlin-script-runtime-1.8.0.jar;C:\Users\ades\.gradle\caches\modules-2\files-2.1\org.jetbrains.kotlin\kotlin-reflect\1.6.10\1cbe9c92c12a94eea200d23c2bbaedaf3daf5132\kotlin-reflect-1.6.10.jar;C:\Users\ades\.gradle\caches\modules-2\files-2.1\org.jetbrains.kotlin\kotlin-daemon-embeddable\1.8.0\d255216c551685dc3a7e852b53617f5f01aaaa5c\kotlin-daemon-embeddable-1.8.0.jar;C:\Users\ades\.gradle\caches\modules-2\files-2.1\org.jetbrains.intellij.deps\trove4j\1.0.20200330\3afb14d5f9ceb459d724e907a21145e8ff394f02\trove4j-1.0.20200330.jar;C:\Users\ades\.gradle\caches\modules-2\files-2.1\net.java.dev.jna\jna\5.6.0\330f2244e9030119ab3030fc3fededc86713d9cc\jna-5.6.0.jar;C:\Users\ades\.gradle\caches\modules-2\files-2.1\org.jetbrains.kotlin\kotlin-stdlib-common\1.8.0\f7197e7cc76453ac59f8b0f8d5137cc600becd36\kotlin-stdlib-common-1.8.0.jar;C:\Users\ades\.gradle\caches\modules-2\files-2.1\org.jetbrains\annotations\13.0\919f0dfe192fb4e063e7dacadee7f8bb9a2672a9\annotations-13.0.jar
Launcher Type: SUN_STANDARD

[Global flags]
     intx CICompilerCount                          = 3                                         {product} {ergonomic}
     uint ConcGCThreads                            = 1                                         {product} {ergonomic}
     uint G1ConcRefinementThreads                  = 4                                         {product} {ergonomic}
   size_t G1HeapRegionSize                         = 1048576                                   {product} {ergonomic}
    uintx GCDrainStackTargetSize                   = 64                                        {product} {ergonomic}
   size_t InitialHeapSize                          = 184549376                                 {product} {ergonomic}
   size_t MarkStackSize                            = 4194304                                   {product} {ergonomic}
   size_t MaxHeapSize                              = 2933915648                                {product} {ergonomic}
   size_t MinHeapDeltaBytes                        = 1048576                                   {product} {ergonomic}
    uintx NonNMethodCodeHeapSize                   = 5830732                                {pd product} {ergonomic}
    uintx NonProfiledCodeHeapSize                  = 122913754                              {pd product} {ergonomic}
    uintx ProfiledCodeHeapSize                     = 122913754                              {pd product} {ergonomic}
    uintx ReservedCodeCacheSize                    = 251658240                              {pd product} {ergonomic}
     bool SegmentedCodeCache                       = true                                      {product} {ergonomic}
     bool UseCompressedClassPointers               = true                                 {lp64_product} {ergonomic}
     bool UseCompressedOops                        = true                                 {lp64_product} {ergonomic}
     bool UseG1GC                                  = true                                      {product} {ergonomic}
     bool UseLargePagesIndividualAllocation        = false                                  {pd product} {ergonomic}

Logging:
Log output configuration:
 #0: stdout all=warning uptime,level,tags
 #1: stderr all=off uptime,level,tags

Environment Variables:
JAVA_HOME=C:\Program Files\Java\jdk-11
PATH=C:\Program Files\Java\jdk-11\bin;C:\Program Files\Common Files\Oracle\Java\javapath;C:\Windows\system32;C:\Windows;C:\Windows\System32\Wbem;C:\Windows\System32\WindowsPowerShell\v1.0\;C:\Windows\System32\OpenSSH\;C:\Users\ades\AppData\Local\Microsoft\WindowsApps;C:\Users\ades\AppData\Local\Programs\Microsoft VS Code\bin;C:\Users\ades\AppData\Local\GitHubDesktop\bin
USERNAME=ades
OS=Windows_NT
PROCESSOR_IDENTIFIER=AMD64 Family 22 Model 48 Stepping 1, AuthenticAMD



---------------  S Y S T E M  ---------------

OS: Windows 10 , 64 bit Build 19041 (10.0.19041.1202)
OS uptime: 0 days 4:41 hours

CPU:total 4 (initial active 4) (4 cores per cpu, 1 threads per core) family 22 model 48 stepping 1 microcode 0x0, cmov, cx8, fxsr, mmx, sse, sse2, sse3, ssse3, sse4.1, sse4.2, popcnt, avx, aes, clmul, mmxext, 3dnowpref, lzcnt, sse4a, tsc, tscinvbit, tscinv, bmi1

Memory: 4k page, system-wide physical 11186M (1943M free)
TotalPageFile size 11186M (AvailPageFile size 629M)
current process WorkingSet (physical memory assigned to process): 9M, peak: 9M
current process commit charge ("private bytes"): 48M, peak: 49M

vm_info: OpenJDK 64-Bit Server VM (11.0.15+0-b2043.56-9505619) for windows-amd64 JRE (11.0.15+0-b2043.56-9505619), built on Jan 19 2023 02:48:00 by "builduser" with unknown MS VC++:1929

END.
